2026-05-14 15:28:23,100 [INFO] MLflow tracking URI : file:./mlruns
2026-05-14 15:28:23,100 [INFO] MLflow experiment   : gempawas-aftershock-prediction
2026-05-14 15:28:23,626 [INFO] Loaded features: 2044 rows, 14 cols
2026-05-14 15:28:23,628 [INFO] TIME-BASED split: train=1533 (sampai 2025-12-07 04:55:53+00:00), test=511 (mulai 2025-12-09 07:02:53+00:00)
2026-05-14 15:28:23,630 [INFO] Class distribution train: {0: 1294, 1: 239}
2026-05-14 15:28:23,630 [INFO] Class distribution test : {0: 431, 1: 80}
2026-05-14 15:28:23,630 [INFO] 
============================================================
2026-05-14 15:28:23,630 [INFO] RUN: run1_shallow_n50_d3_lr0.1
2026-05-14 15:28:23,630 [INFO] ============================================================
2026-05-14 15:28:23,631 [INFO] Auto scale_pos_weight = 5.41 (neg/pos = 1294/239)
2026-05-14 15:28:38,025 [INFO] 
--- Hasil Run: run1_shallow_n50_d3_lr0.1 ---
2026-05-14 15:28:38,025 [INFO]   accuracy     : 0.7104
2026-05-14 15:28:38,025 [INFO]   f1_score     : 0.3729
2026-05-14 15:28:38,025 [INFO]   precision    : 0.2821
2026-05-14 15:28:38,026 [INFO]   recall       : 0.5500
2026-05-14 15:28:38,026 [INFO]   roc_auc      : 0.6936
2026-05-14 15:28:38,026 [INFO]   pr_auc       : 0.4841
2026-05-14 15:28:38,026 [INFO]   Top features:
2026-05-14 15:28:38,026 [INFO]     1. max_mag_susulan_24jam     0.2622
2026-05-14 15:28:38,026 [INFO]     2. max_mag_susulan_6jam      0.1580
2026-05-14 15:28:38,026 [INFO]     3. count_susulan_24jam       0.1526
2026-05-14 15:28:38,027 [INFO]   MLflow Run ID: d48ad3f2ae4540ca94c56ba252d70689
2026-05-14 15:28:38,028 [INFO] 
============================================================
2026-05-14 15:28:38,028 [INFO] RUN: run2_medium_n100_d5_lr0.1
2026-05-14 15:28:38,028 [INFO] ============================================================
2026-05-14 15:28:38,029 [INFO] Auto scale_pos_weight = 5.41 (neg/pos = 1294/239)
2026-05-14 15:28:42,053 [INFO] 
--- Hasil Run: run2_medium_n100_d5_lr0.1 ---
2026-05-14 15:28:42,054 [INFO]   accuracy     : 0.6986
2026-05-14 15:28:42,054 [INFO]   f1_score     : 0.3304
2026-05-14 15:28:42,054 [INFO]   precision    : 0.2533
2026-05-14 15:28:42,054 [INFO]   recall       : 0.4750
2026-05-14 15:28:42,055 [INFO]   roc_auc      : 0.6281
2026-05-14 15:28:42,055 [INFO]   pr_auc       : 0.3617
2026-05-14 15:28:42,055 [INFO]   Top features:
2026-05-14 15:28:42,055 [INFO]     1. max_mag_susulan_24jam     0.2106
2026-05-14 15:28:42,055 [INFO]     2. count_susulan_24jam       0.1709
2026-05-14 15:28:42,056 [INFO]     3. zona_sesar                0.1379
2026-05-14 15:28:42,056 [INFO]   MLflow Run ID: 58b9562636de4d70a5876c3a8fe74944
2026-05-14 15:28:42,058 [INFO] 
============================================================
2026-05-14 15:28:42,059 [INFO] RUN: run3_deep_n200_d7_lr0.05
2026-05-14 15:28:42,059 [INFO] ============================================================
2026-05-14 15:28:42,060 [INFO] Auto scale_pos_weight = 5.41 (neg/pos = 1294/239)
2026-05-14 15:28:46,570 [INFO] 
--- Hasil Run: run3_deep_n200_d7_lr0.05 ---
2026-05-14 15:28:46,570 [INFO]   accuracy     : 0.7123
2026-05-14 15:28:46,570 [INFO]   f1_score     : 0.3348
2026-05-14 15:28:46,570 [INFO]   precision    : 0.2624
2026-05-14 15:28:46,570 [INFO]   recall       : 0.4625
2026-05-14 15:28:46,570 [INFO]   roc_auc      : 0.6403
2026-05-14 15:28:46,570 [INFO]   pr_auc       : 0.3789
2026-05-14 15:28:46,570 [INFO]   Top features:
2026-05-14 15:28:46,571 [INFO]     1. count_susulan_24jam       0.1766
2026-05-14 15:28:46,571 [INFO]     2. max_mag_susulan_24jam     0.1688
2026-05-14 15:28:46,571 [INFO]     3. mainshock_depth           0.1379
2026-05-14 15:28:46,571 [INFO]   MLflow Run ID: 2c20e7eca5584afdb4f0350dcc58127a
2026-05-14 15:28:46,573 [INFO] 
==========================================================================================
2026-05-14 15:28:46,573 [INFO] PERBANDINGAN HASIL 3 RUN — sesuai LK-06 #4
2026-05-14 15:28:46,573 [INFO] ==========================================================================================
2026-05-14 15:28:46,577 [INFO] 
>>> Best Run (by F1-score): run1_shallow_n50_d3_lr0.1 (f1=0.3729, run_id=d48ad3f2ae4540ca94c56ba252d70689)
2026-05-14 15:28:46,577 [INFO] 
✓ Selesai. Buka MLflow UI:
2026-05-14 15:28:46,577 [INFO]     mlflow ui --host 0.0.0.0 --port 5000
2026-05-14 17:16:44,472 [INFO] MLflow tracking URI : file:./mlruns
2026-05-14 17:16:44,472 [INFO] MLflow experiment   : gempawas-aftershock-prediction
2026-05-14 17:16:44,824 [INFO] Loaded features: 2044 rows, 14 cols
2026-05-14 17:16:44,837 [INFO] TIME-BASED split: train=1533 (sampai 2025-12-07 04:55:53+00:00), test=511 (mulai 2025-12-09 07:02:53+00:00)
2026-05-14 17:16:44,864 [INFO] Class distribution train: {0: 1294, 1: 239}
2026-05-14 17:16:44,864 [INFO] Class distribution test : {0: 431, 1: 80}
2026-05-14 17:16:44,865 [INFO] 
============================================================
2026-05-14 17:16:44,865 [INFO] RUN: run1_shallow_n50_d3_lr0.1
2026-05-14 17:16:44,865 [INFO] ============================================================
2026-05-14 17:16:44,865 [INFO] Auto scale_pos_weight = 5.41 (neg/pos = 1294/239)
2026-05-14 17:16:54,116 [INFO] 
--- Hasil Run: run1_shallow_n50_d3_lr0.1 ---
2026-05-14 17:16:54,116 [INFO]   accuracy     : 0.7104
2026-05-14 17:16:54,116 [INFO]   f1_score     : 0.3729
2026-05-14 17:16:54,116 [INFO]   precision    : 0.2821
2026-05-14 17:16:54,116 [INFO]   recall       : 0.5500
2026-05-14 17:16:54,116 [INFO]   roc_auc      : 0.6936
2026-05-14 17:16:54,117 [INFO]   pr_auc       : 0.4841
2026-05-14 17:16:54,117 [INFO]   Top features:
2026-05-14 17:16:54,117 [INFO]     1. max_mag_susulan_24jam     0.2622
2026-05-14 17:16:54,117 [INFO]     2. max_mag_susulan_6jam      0.1580
2026-05-14 17:16:54,117 [INFO]     3. count_susulan_24jam       0.1526
2026-05-14 17:16:54,117 [INFO]   MLflow Run ID: 70f61c3a16c4496aafe810f237856db0
2026-05-14 17:16:54,119 [INFO] 
============================================================
2026-05-14 17:16:54,119 [INFO] RUN: run2_medium_n100_d5_lr0.1
2026-05-14 17:16:54,119 [INFO] ============================================================
2026-05-14 17:16:54,120 [INFO] Auto scale_pos_weight = 5.41 (neg/pos = 1294/239)
2026-05-14 17:16:57,901 [INFO] 
--- Hasil Run: run2_medium_n100_d5_lr0.1 ---
2026-05-14 17:16:57,901 [INFO]   accuracy     : 0.6986
2026-05-14 17:16:57,901 [INFO]   f1_score     : 0.3304
2026-05-14 17:16:57,901 [INFO]   precision    : 0.2533
2026-05-14 17:16:57,901 [INFO]   recall       : 0.4750
2026-05-14 17:16:57,902 [INFO]   roc_auc      : 0.6281
2026-05-14 17:16:57,902 [INFO]   pr_auc       : 0.3617
2026-05-14 17:16:57,902 [INFO]   Top features:
2026-05-14 17:16:57,902 [INFO]     1. max_mag_susulan_24jam     0.2106
2026-05-14 17:16:57,902 [INFO]     2. count_susulan_24jam       0.1709
2026-05-14 17:16:57,902 [INFO]     3. zona_sesar                0.1379
2026-05-14 17:16:57,902 [INFO]   MLflow Run ID: 255629f2455b49e58199b5b94c84f62c
2026-05-14 17:16:57,904 [INFO] 
============================================================
2026-05-14 17:16:57,904 [INFO] RUN: run3_deep_n200_d7_lr0.05
2026-05-14 17:16:57,904 [INFO] ============================================================
2026-05-14 17:16:57,904 [INFO] Auto scale_pos_weight = 5.41 (neg/pos = 1294/239)
2026-05-14 17:17:01,778 [INFO] 
--- Hasil Run: run3_deep_n200_d7_lr0.05 ---
2026-05-14 17:17:01,778 [INFO]   accuracy     : 0.7123
2026-05-14 17:17:01,778 [INFO]   f1_score     : 0.3348
2026-05-14 17:17:01,778 [INFO]   precision    : 0.2624
2026-05-14 17:17:01,778 [INFO]   recall       : 0.4625
2026-05-14 17:17:01,778 [INFO]   roc_auc      : 0.6403
2026-05-14 17:17:01,779 [INFO]   pr_auc       : 0.3789
2026-05-14 17:17:01,779 [INFO]   Top features:
2026-05-14 17:17:01,779 [INFO]     1. count_susulan_24jam       0.1766
2026-05-14 17:17:01,779 [INFO]     2. max_mag_susulan_24jam     0.1688
2026-05-14 17:17:01,779 [INFO]     3. mainshock_depth           0.1379
2026-05-14 17:17:01,779 [INFO]   MLflow Run ID: 896f07f2ee5d43deb36a6f6521a287a1
2026-05-14 17:17:01,781 [INFO] 
==========================================================================================
2026-05-14 17:17:01,781 [INFO] PERBANDINGAN HASIL 3 RUN — sesuai LK-06 #4
2026-05-14 17:17:01,781 [INFO] ==========================================================================================
2026-05-14 17:17:01,787 [INFO] 
>>> Best Run (by F1-score): run1_shallow_n50_d3_lr0.1 (f1=0.3729, run_id=70f61c3a16c4496aafe810f237856db0)
2026-05-14 17:17:01,787 [INFO] 
✓ Selesai. Buka MLflow UI:
2026-05-14 17:17:01,788 [INFO]     mlflow ui --host 0.0.0.0 --port 5000
2026-05-14 17:27:43,869 [INFO] MLflow tracking URI : file:./mlruns
2026-05-14 17:27:43,869 [INFO] MLflow experiment   : gempawas-aftershock-prediction
2026-05-14 17:27:43,890 [INFO] Loaded features: 2044 rows, 14 cols
2026-05-14 17:27:43,892 [INFO] TIME-BASED split: train=1533 (sampai 2025-12-07 04:55:53+00:00), test=511 (mulai 2025-12-09 07:02:53+00:00)
2026-05-14 17:27:43,894 [INFO] Class distribution train: {0: 1294, 1: 239}
2026-05-14 17:27:43,895 [INFO] Class distribution test : {0: 431, 1: 80}
2026-05-14 17:27:43,895 [INFO] 
============================================================
2026-05-14 17:27:43,895 [INFO] RUN: run1_shallow_n50_d3_lr0.1
2026-05-14 17:27:43,895 [INFO] ============================================================
2026-05-14 17:27:43,896 [INFO] Auto scale_pos_weight = 5.41 (neg/pos = 1294/239)
2026-05-14 17:27:50,473 [INFO] 
--- Hasil Run: run1_shallow_n50_d3_lr0.1 ---
2026-05-14 17:27:50,473 [INFO]   accuracy     : 0.7104
2026-05-14 17:27:50,473 [INFO]   f1_score     : 0.3729
2026-05-14 17:27:50,474 [INFO]   precision    : 0.2821
2026-05-14 17:27:50,474 [INFO]   recall       : 0.5500
2026-05-14 17:27:50,474 [INFO]   roc_auc      : 0.6936
2026-05-14 17:27:50,474 [INFO]   pr_auc       : 0.4841
2026-05-14 17:27:50,474 [INFO]   Top features:
2026-05-14 17:27:50,474 [INFO]     1. max_mag_susulan_24jam     0.2622
2026-05-14 17:27:50,474 [INFO]     2. max_mag_susulan_6jam      0.1580
2026-05-14 17:27:50,475 [INFO]     3. count_susulan_24jam       0.1526
2026-05-14 17:27:50,475 [INFO]   MLflow Run ID: 223d6a29081444f48fa3a03da9e76130
2026-05-14 17:27:50,476 [INFO] 
============================================================
2026-05-14 17:27:50,476 [INFO] RUN: run2_medium_n100_d5_lr0.1
2026-05-14 17:27:50,477 [INFO] ============================================================
2026-05-14 17:27:50,477 [INFO] Auto scale_pos_weight = 5.41 (neg/pos = 1294/239)
2026-05-14 17:27:54,789 [INFO] 
--- Hasil Run: run2_medium_n100_d5_lr0.1 ---
2026-05-14 17:27:54,790 [INFO]   accuracy     : 0.6986
2026-05-14 17:27:54,790 [INFO]   f1_score     : 0.3304
2026-05-14 17:27:54,790 [INFO]   precision    : 0.2533
2026-05-14 17:27:54,790 [INFO]   recall       : 0.4750
2026-05-14 17:27:54,790 [INFO]   roc_auc      : 0.6281
2026-05-14 17:27:54,790 [INFO]   pr_auc       : 0.3617
2026-05-14 17:27:54,790 [INFO]   Top features:
2026-05-14 17:27:54,790 [INFO]     1. max_mag_susulan_24jam     0.2106
2026-05-14 17:27:54,791 [INFO]     2. count_susulan_24jam       0.1709
2026-05-14 17:27:54,791 [INFO]     3. zona_sesar                0.1379
2026-05-14 17:27:54,791 [INFO]   MLflow Run ID: 62d6dc32fbab4359876ed2e4f7580025
2026-05-14 17:27:54,792 [INFO] 
============================================================
2026-05-14 17:27:54,792 [INFO] RUN: run3_deep_n200_d7_lr0.05
2026-05-14 17:27:54,793 [INFO] ============================================================
2026-05-14 17:27:54,793 [INFO] Auto scale_pos_weight = 5.41 (neg/pos = 1294/239)
2026-05-14 17:27:59,173 [INFO] 
--- Hasil Run: run3_deep_n200_d7_lr0.05 ---
2026-05-14 17:27:59,173 [INFO]   accuracy     : 0.7123
2026-05-14 17:27:59,173 [INFO]   f1_score     : 0.3348
2026-05-14 17:27:59,173 [INFO]   precision    : 0.2624
2026-05-14 17:27:59,173 [INFO]   recall       : 0.4625
2026-05-14 17:27:59,173 [INFO]   roc_auc      : 0.6403
2026-05-14 17:27:59,174 [INFO]   pr_auc       : 0.3789
2026-05-14 17:27:59,174 [INFO]   Top features:
2026-05-14 17:27:59,174 [INFO]     1. count_susulan_24jam       0.1766
2026-05-14 17:27:59,174 [INFO]     2. max_mag_susulan_24jam     0.1688
2026-05-14 17:27:59,174 [INFO]     3. mainshock_depth           0.1379
2026-05-14 17:27:59,174 [INFO]   MLflow Run ID: 110ce745078a47128688559db71c348e
2026-05-14 17:27:59,176 [INFO] 
==========================================================================================
2026-05-14 17:27:59,176 [INFO] PERBANDINGAN HASIL 3 RUN — sesuai LK-06 #4
2026-05-14 17:27:59,176 [INFO] ==========================================================================================
2026-05-14 17:27:59,180 [INFO] 
>>> Best Run (by F1-score): run1_shallow_n50_d3_lr0.1 (f1=0.3729, run_id=223d6a29081444f48fa3a03da9e76130)
2026-05-14 17:27:59,180 [INFO] 
✓ Selesai. Buka MLflow UI:
2026-05-14 17:27:59,180 [INFO]     mlflow ui --host 0.0.0.0 --port 5000
2026-05-14 17:36:27,079 [INFO] MLflow tracking URI : file:./mlruns
2026-05-14 17:36:27,079 [INFO] MLflow experiment   : gempawas-aftershock-prediction
2026-05-14 17:36:27,095 [INFO] Loaded features: 2044 rows, 14 cols
2026-05-14 17:36:27,097 [INFO] TIME-BASED split: train=1533, test=511
2026-05-14 17:36:27,098 [INFO] Class distribution train: {0: 1294, 1: 239}
2026-05-14 17:36:27,099 [INFO] Class distribution test : {0: 431, 1: 80}
2026-05-14 17:36:27,099 [INFO] 
============================================================
2026-05-14 17:36:27,099 [INFO] RUN: run1_shallow_n50_d3_lr0.1
2026-05-14 17:36:27,099 [INFO] ============================================================
2026-05-14 17:36:33,431 [INFO] 
--- Hasil Run: run1_shallow_n50_d3_lr0.1 ---
2026-05-14 17:36:33,431 [INFO]   accuracy : 0.7104
2026-05-14 17:36:33,432 [INFO]   f1_score : 0.3729
2026-05-14 17:36:33,432 [INFO]   roc_auc  : 0.6936
2026-05-14 17:36:33,432 [INFO]   MLflow Run ID: 794dc35fc98e414faed6976862a69efc
2026-05-14 17:36:33,434 [INFO] 
============================================================
2026-05-14 17:36:33,434 [INFO] RUN: run2_medium_n100_d5_lr0.1
2026-05-14 17:36:33,434 [INFO] ============================================================
2026-05-14 17:36:37,542 [INFO] 
--- Hasil Run: run2_medium_n100_d5_lr0.1 ---
2026-05-14 17:36:37,542 [INFO]   accuracy : 0.6986
2026-05-14 17:36:37,542 [INFO]   f1_score : 0.3304
2026-05-14 17:36:37,542 [INFO]   roc_auc  : 0.6281
2026-05-14 17:36:37,542 [INFO]   MLflow Run ID: 24e9cc0eda864e54a0c9ae0a829403eb
2026-05-14 17:36:37,543 [INFO] 
============================================================
2026-05-14 17:36:37,544 [INFO] RUN: run3_deep_n200_d7_lr0.05
2026-05-14 17:36:37,544 [INFO] ============================================================
2026-05-14 17:36:41,787 [INFO] 
--- Hasil Run: run3_deep_n200_d7_lr0.05 ---
2026-05-14 17:36:41,788 [INFO]   accuracy : 0.7123
2026-05-14 17:36:41,788 [INFO]   f1_score : 0.3348
2026-05-14 17:36:41,788 [INFO]   roc_auc  : 0.6403
2026-05-14 17:36:41,788 [INFO]   MLflow Run ID: 17d0f13b4f4a45628efa9a8a72910d38
2026-05-14 17:36:41,789 [INFO] 
================================================================================
2026-05-14 17:36:41,790 [INFO] PERBANDINGAN HASIL 3 RUN — LK-06 #4 & #5
2026-05-14 17:36:41,790 [INFO] ================================================================================
2026-05-14 17:36:41,793 [INFO] 
>>> Best Run (by F1-score): run1_shallow_n50_d3_lr0.1
2026-05-14 17:36:41,793 [INFO]     Run ID: 794dc35fc98e414faed6976862a69efc
2026-05-14 17:36:41,793 [INFO]     accuracy=0.7104  f1_score=0.3729  roc_auc=0.6936
2026-05-14 17:36:41,793 [INFO] 
✓ Selesai. Buka MLflow UI: mlflow ui --host 0.0.0.0 --port 5000
